0 info it worked if it ends with ok
1 verbose cli [ 'node',
1 verbose cli   '/Users/NoxAir/.nvm/v0.10.33/bin/npm',
1 verbose cli   'run',
1 verbose cli   'e2e-test' ]
2 info using npm@2.1.10
3 info using node@v0.10.33
4 verbose run-script [ 'pree2e-test', 'e2e-test', 'poste2e-test' ]
5 info pree2e-test github_user_search@1.0.0
6 info e2e-test github_user_search@1.0.0
7 verbose unsafe-perm in lifecycle true
8 info github_user_search@1.0.0 Failed to exec e2e-test script
9 verbose stack Error: github_user_search@1.0.0 e2e-test: `protractor e2e/conf.js`
9 verbose stack Exit status 8
9 verbose stack     at EventEmitter.<anonymous> (/Users/NoxAir/.nvm/v0.10.33/lib/node_modules/npm/lib/utils/lifecycle.js:212:16)
9 verbose stack     at EventEmitter.emit (events.js:98:17)
9 verbose stack     at ChildProcess.<anonymous> (/Users/NoxAir/.nvm/v0.10.33/lib/node_modules/npm/lib/utils/spawn.js:14:12)
9 verbose stack     at ChildProcess.emit (events.js:98:17)
9 verbose stack     at maybeClose (child_process.js:756:16)
9 verbose stack     at Process.ChildProcess._handle.onexit (child_process.js:823:5)
10 verbose pkgid github_user_search@1.0.0
11 verbose cwd /Users/NoxAir/Development/projects/github_user_search
12 error Darwin 14.3.0
13 error argv "node" "/Users/NoxAir/.nvm/v0.10.33/bin/npm" "run" "e2e-test"
14 error node v0.10.33
15 error npm  v2.1.10
16 error code ELIFECYCLE
17 error github_user_search@1.0.0 e2e-test: `protractor e2e/conf.js`
17 error Exit status 8
18 error Failed at the github_user_search@1.0.0 e2e-test script 'protractor e2e/conf.js'.
18 error This is most likely a problem with the github_user_search package,
18 error not with npm itself.
18 error Tell the author that this fails on your system:
18 error     protractor e2e/conf.js
18 error You can get their info via:
18 error     npm owner ls github_user_search
18 error There is likely additional logging output above.
19 verbose exit [ 1, true ]
